<?xml version="1.0" encoding="UTF-8"?>
<!-- Generated by org.testng.reporters.JUnitReportReporter -->
<testsuite skipped="0" hostname="DESKTOP-8737B1J" name="com.crm.qa.testcases.LoginPageTest" tests="1" failures="0" timestamp="02 Jun 2018 16:16:52 GMT" time="48.921" errors="0">
  <testcase name="loginTest" time="48.921" classname="com.crm.qa.testcases.LoginPageTest"/>
</testsuite> <!-- com.crm.qa.testcases.LoginPageTest -->
